{"total": {"lines":{"total":150,"covered":60,"skipped":0,"pct":40},"statements":{"total":174,"covered":61,"skipped":0,"pct":35.05},"functions":{"total":45,"covered":13,"skipped":0,"pct":28.88},"branches":{"total":136,"covered":24,"skipped":0,"pct":17.64},"branchesTrue":{"total":0,"covered":0,"skipped":0,"pct":"Unknown"}}
,"/Users/danya/Development/Personal/y2be-player/src/index.js": {"lines":{"total":150,"covered":60,"skipped":0,"pct":40},"functions":{"total":45,"covered":13,"skipped":0,"pct":28.88},"statements":{"total":174,"covered":61,"skipped":0,"pct":35.05},"branches":{"total":136,"covered":24,"skipped":0,"pct":17.64}}
}
