TN:
SF:src/index.js
FN:45,(anonymous_0)
FN:98,(anonymous_1)
FN:109,(anonymous_2)
FN:139,(anonymous_3)
FN:144,(anonymous_4)
FN:149,(anonymous_5)
FN:154,(anonymous_6)
FN:159,(anonymous_7)
FN:164,(anonymous_8)
FN:168,(anonymous_9)
FN:173,(anonymous_10)
FN:178,(anonymous_11)
FN:182,(anonymous_12)
FN:187,(anonymous_13)
FN:192,(anonymous_14)
FN:197,(anonymous_15)
FN:201,(anonymous_16)
FN:205,(anonymous_17)
FN:209,(anonymous_18)
FN:213,(anonymous_19)
FN:220,(anonymous_20)
FN:224,(anonymous_21)
FN:228,(anonymous_22)
FN:232,(anonymous_23)
FN:261,(anonymous_24)
FN:266,(anonymous_25)
FN:273,(anonymous_26)
FN:284,(anonymous_27)
FN:291,(anonymous_28)
FN:300,(anonymous_29)
FN:311,(anonymous_30)
FN:429,(anonymous_31)
FN:430,(anonymous_32)
FN:431,(anonymous_33)
FN:432,(anonymous_34)
FN:433,(anonymous_35)
FN:442,(anonymous_36)
FN:468,(anonymous_37)
FN:495,(anonymous_38)
FN:503,(anonymous_39)
FN:511,(anonymous_40)
FN:542,(anonymous_41)
FN:546,(anonymous_42)
FN:548,(anonymous_43)
FN:553,(anonymous_44)
FNF:45
FNH:13
FNDA:8,(anonymous_0)
FNDA:0,(anonymous_1)
FNDA:4,(anonymous_2)
FNDA:1,(anonymous_3)
FNDA:1,(anonymous_4)
FNDA:1,(anonymous_5)
FNDA:0,(anonymous_6)
FNDA:0,(anonymous_7)
FNDA:0,(anonymous_8)
FNDA:0,(anonymous_9)
FNDA:0,(anonymous_10)
FNDA:0,(anonymous_11)
FNDA:0,(anonymous_12)
FNDA:0,(anonymous_13)
FNDA:0,(anonymous_14)
FNDA:0,(anonymous_15)
FNDA:0,(anonymous_16)
FNDA:0,(anonymous_17)
FNDA:0,(anonymous_18)
FNDA:1,(anonymous_19)
FNDA:2,(anonymous_20)
FNDA:0,(anonymous_21)
FNDA:0,(anonymous_22)
FNDA:0,(anonymous_23)
FNDA:3,(anonymous_24)
FNDA:0,(anonymous_25)
FNDA:8,(anonymous_26)
FNDA:7,(anonymous_27)
FNDA:0,(anonymous_28)
FNDA:0,(anonymous_29)
FNDA:0,(anonymous_30)
FNDA:0,(anonymous_31)
FNDA:0,(anonymous_32)
FNDA:0,(anonymous_33)
FNDA:0,(anonymous_34)
FNDA:0,(anonymous_35)
FNDA:0,(anonymous_36)
FNDA:2,(anonymous_37)
FNDA:0,(anonymous_38)
FNDA:0,(anonymous_39)
FNDA:0,(anonymous_40)
FNDA:2,(anonymous_41)
FNDA:0,(anonymous_42)
FNDA:0,(anonymous_43)
FNDA:2,(anonymous_44)
DA:5,1
DA:7,1
DA:16,1
DA:38,1
DA:46,8
DA:49,8
DA:51,8
DA:52,8
DA:54,0
DA:57,8
DA:76,8
DA:77,8
DA:79,8
DA:80,8
DA:81,8
DA:82,8
DA:83,8
DA:85,8
DA:89,8
DA:90,8
DA:92,8
DA:93,8
DA:94,8
DA:95,8
DA:96,8
DA:98,8
DA:99,0
DA:100,0
DA:101,0
DA:105,0
DA:110,4
DA:112,4
DA:113,4
DA:114,4
DA:118,4
DA:121,0
DA:122,0
DA:123,0
DA:129,0
DA:132,0
DA:133,0
DA:135,0
DA:140,1
DA:141,1
DA:145,1
DA:146,1
DA:150,1
DA:151,1
DA:155,0
DA:156,0
DA:160,0
DA:161,0
DA:165,0
DA:169,0
DA:170,0
DA:174,0
DA:175,0
DA:179,0
DA:183,0
DA:184,0
DA:188,0
DA:189,0
DA:193,0
DA:194,0
DA:198,0
DA:202,0
DA:206,0
DA:210,0
DA:214,1
DA:221,2
DA:225,0
DA:229,0
DA:233,0
DA:234,0
DA:236,0
DA:237,0
DA:238,0
DA:241,0
DA:243,0
DA:244,0
DA:245,0
DA:246,0
DA:247,0
DA:248,0
DA:250,0
DA:252,0
DA:253,0
DA:254,0
DA:255,0
DA:256,0
DA:258,0
DA:262,3
DA:263,3
DA:267,0
DA:268,0
DA:269,0
DA:275,8
DA:276,0
DA:280,8
DA:282,8
DA:283,8
DA:284,7
DA:290,8
DA:291,1
DA:292,0
DA:293,0
DA:294,0
DA:299,8
DA:300,8
DA:301,0
DA:302,0
DA:304,0
DA:305,0
DA:306,0
DA:312,0
DA:314,0
DA:316,0
DA:429,0
DA:430,0
DA:431,0
DA:432,0
DA:433,0
DA:443,0
DA:445,0
DA:459,0
DA:461,0
DA:469,2
DA:471,2
DA:473,2
DA:477,2
DA:478,1
DA:480,2
DA:484,2
DA:485,1
DA:487,0
DA:496,0
DA:497,0
DA:504,0
DA:505,0
DA:512,0
DA:514,0
DA:518,0
DA:523,0
DA:529,0
DA:533,0
DA:543,2
DA:547,0
DA:548,0
DA:554,2
DA:555,2
LF:150
LH:60
BRDA:49,0,0,0
BRDA:49,0,1,8
BRDA:51,1,0,8
BRDA:51,1,1,0
BRDA:99,2,0,0
BRDA:99,2,1,0
BRDA:105,3,0,0
BRDA:105,3,1,0
BRDA:109,4,0,4
BRDA:109,5,0,4
BRDA:110,6,0,0
BRDA:110,6,1,4
BRDA:118,7,0,4
BRDA:118,7,1,0
BRDA:121,8,0,0
BRDA:121,8,1,0
BRDA:129,9,0,0
BRDA:129,9,1,0
BRDA:132,10,0,0
BRDA:132,10,1,0
BRDA:140,11,0,0
BRDA:140,11,1,1
BRDA:145,12,0,0
BRDA:145,12,1,1
BRDA:150,13,0,0
BRDA:150,13,1,1
BRDA:155,14,0,0
BRDA:155,14,1,0
BRDA:160,15,0,0
BRDA:160,15,1,0
BRDA:165,16,0,0
BRDA:165,16,1,0
BRDA:165,16,2,0
BRDA:169,17,0,0
BRDA:169,17,1,0
BRDA:174,18,0,0
BRDA:174,18,1,0
BRDA:179,19,0,0
BRDA:179,19,1,0
BRDA:179,19,2,0
BRDA:183,20,0,0
BRDA:183,20,1,0
BRDA:188,21,0,0
BRDA:188,21,1,0
BRDA:193,22,0,0
BRDA:193,22,1,0
BRDA:198,23,0,0
BRDA:198,23,1,0
BRDA:198,23,2,0
BRDA:202,24,0,0
BRDA:202,24,1,0
BRDA:202,24,2,0
BRDA:206,25,0,0
BRDA:206,25,1,0
BRDA:206,25,2,0
BRDA:210,26,0,0
BRDA:210,26,1,0
BRDA:210,26,2,0
BRDA:215,27,0,1
BRDA:215,27,1,0
BRDA:215,27,2,1
BRDA:221,28,0,2
BRDA:221,28,1,0
BRDA:221,28,2,2
BRDA:233,29,0,0
BRDA:233,29,1,0
BRDA:236,30,0,0
BRDA:236,30,1,0
BRDA:237,31,0,0
BRDA:237,31,1,0
BRDA:258,32,0,0
BRDA:258,32,1,0
BRDA:262,33,0,0
BRDA:262,33,1,3
BRDA:275,34,0,0
BRDA:275,34,1,8
BRDA:275,35,0,8
BRDA:275,35,1,0
BRDA:290,36,0,1
BRDA:290,36,1,7
BRDA:301,37,0,0
BRDA:301,37,1,0
BRDA:312,38,0,0
BRDA:312,38,1,0
BRDA:330,39,0,0
BRDA:330,39,1,0
BRDA:336,40,0,0
BRDA:336,40,1,0
BRDA:336,41,0,0
BRDA:336,41,1,0
BRDA:344,42,0,0
BRDA:344,42,1,0
BRDA:344,43,0,0
BRDA:344,43,1,0
BRDA:352,44,0,0
BRDA:352,44,1,0
BRDA:352,45,0,0
BRDA:352,45,1,0
BRDA:368,46,0,0
BRDA:368,46,1,0
BRDA:373,47,0,0
BRDA:373,47,1,0
BRDA:384,48,0,0
BRDA:384,48,1,0
BRDA:389,49,0,0
BRDA:389,49,1,0
BRDA:396,50,0,0
BRDA:396,50,1,0
BRDA:410,51,0,0
BRDA:410,51,1,0
BRDA:415,52,0,0
BRDA:415,52,1,0
BRDA:443,53,0,0
BRDA:443,53,1,0
BRDA:469,54,0,0
BRDA:469,54,1,2
BRDA:473,55,0,2
BRDA:473,55,1,0
BRDA:477,56,0,1
BRDA:477,56,1,1
BRDA:484,57,0,1
BRDA:484,57,1,1
BRDA:496,58,0,0
BRDA:496,58,1,0
BRDA:504,59,0,0
BRDA:504,59,1,0
BRDA:512,60,0,0
BRDA:512,60,1,0
BRDA:518,61,0,0
BRDA:518,61,1,0
BRDA:523,62,0,0
BRDA:523,62,1,0
BRDA:524,63,0,0
BRDA:524,63,1,0
BRDA:524,63,2,0
BRDA:524,63,3,0
BRF:136
BRH:24
end_of_record
